perltidy version 20121207 log file on a linux system, OLD_PERL_VERSION=5.016003
Configuration and command line parameters for this run:
-g
To find error messages search for 'WARNING' with your editor
Indentation will be with 4 spaces
Line 4 implies starting-indentation-level = 0
The nesting depths in the table below are at the start of the lines.
The indicated output line numbers are not always exact.
ci = levels of continuation indentation; bk = 1 if in BLOCK, 0 if not.

in:out indent c b  nesting   code + messages; (messages begin with >>>)
lines  levels i k            (code begins with one '.' per indent level)
------  ----- - - --------   -------------------------------------------
L1:1     i0:0 0 1            #Wembly_the_Forlorn.pl
L2:2     i0:0 0 1            #Alternate Access: Plane of Tactics
L4:4     i0:0 0 1            sub EVENT_SAY
L5:4     i0:0 0 1            {
L6:5     i2:1 0 1 {          .if ($text=~/Hail/i) {
L6:5     i2:1 0 1 {          >>>Start indentation disagreement: input=2; output=1
L7:6     i4:2 0 1 {{         ..quest::emote("grumbles under his  ....
L7:6     i4:2 0 1 {{         >>>Line length exceeded by 97 characters
L8:10    i2:1 0 1 {{         .}
L10:12   i2:1 0 1 {          .if ($text=~/done/i) {
L11:13   i4:2 0 1 {{         ..quest::say("Yes done! Weren't you ....
L11:13   i4:2 0 1 {{         >>>Line length exceeded by 6 characters
L12:17   i2:1 0 1 {{         .}
L14:19   i2:1 0 1 {          .if ($text=~/key/i) {
L15:20   i4:2 0 1 {{         ..quest::say("THE Key, you really a ....
L16:24   i2:1 0 1 {{         .}
L18:26   i2:1 0 1 {          .if ($text=~/agree to help/i) {
L19:27   i4:2 0 1 {{         ..quest::say("You agree to help? Gr ....
L19:27   i4:2 0 1 {{         >>>Line length exceeded by 130 characters
L20:31   i2:1 0 1 {{         .}
L22:33   i2:1 0 1 {          .if ($text=~/tied to the mast/i) {
L23:34   i4:2 0 1 {{         ..quest::say("The Diaku Raiders, fi ....
L23:34   i4:2 0 1 {{         >>>Line length exceeded by 184 characters
L24:38   i2:1 0 1 {{         .}
L26:40   i2:1 0 1 {          .if ($text=~/Diaku/i) {
L27:41   i4:2 0 1 {{         ..quest::say("The Diaku that attack ....
L27:41   i4:2 0 1 {{         >>>Line length exceeded by 70 characters
L28:45   i2:1 0 1 {{         .}
L30:47   i2:1 0 1 {          .if ($text=~/Drunder/i) {
L31:48   i4:2 0 1 {{         ..quest::say("Drunder! The Fortress ....
L31:48   i4:2 0 1 {{         >>>Line length exceeded by 366 characters
L32:51   i2:1 0 1 {{         .}
L33:51   i0:0 0 1 {          }
L33:51   i0:0 0 1 {          >>>End indentation disagreement from input line 6
L35:54   i0:0 0 1            sub EVENT_ITEM
L36:54   i0:0 0 1            {
L37:55   i2:1 0 1 {          .if(plugin::check_handin(\%itemcoun ....
L37:55   i2:1 0 1 {          >>>Start indentation disagreement: input=2; output=1
L38:55   i2:1 0 1 {          .{
L39:65   i4:2 0 1 {{         ..quest::say("What's this? Four pie ....
L40:68   i4:2 0 1 {{         ..my @grp = plugin::GetGroupMembers ....
L41:69   i4:2 0 1 {{         ..foreach $ent (@grp)
L42:69   i4:2 0 1 {{         ..{
L43:70   i6:3 0 1 {{{        ...if($ent)
L44:70   i6:3 0 1 {{{        ...{
L45:71   i8:4 0 1 {{{{       ....if(!$ent->KeyRingCheck(29215))
L46:71   i8:4 0 1 {{{{       ....{
L47:72   i10:5 0 1 {{{{{      .....my $char_id = $ent->CharacterI ....
L48:73   i10:5 0 1 {{{{{      .....$ent->KeyRingAdd(29215);
L49:74   i10:5 0 1 {{{{{      .....$ent->SummonItem(29215);
L50:75   i10:5 0 1 {{{{{      .....quest::targlobal("pop_alt_acce ....
L51:77   i8:4 0 1 {{{{{      ....}
L52:77   i6:3 0 1 {{{{       ...}
L53:78   i4:2 0 1 {{{        ..}
L55:81   i4:2 0 1 {{         ..quest::faction(13, 10);
L56:82   i4:2 0 1 {{         ..quest::faction(315, 10);		
L57:83   i2:1 0 1 {{         .}
L58:83   i0:1 0 1 {          .plugin::return_items(\%itemcount);
L59:85   i0:0 0 1 {          }#END of FILE Zone:postorms ID:2100 ....
L59:85   i0:0 0 1 {          >>>End indentation disagreement from input line 37
First indentation disagreement seen at input line 6
Last indentation disagreement seen at input line 58
Note: Indentation disagreement detection is not accurate for outdenting and -lp.

7 long lines were outdented:
  First at output line 7
   Last at output line 66
  use -noll to prevent outdenting, -l=n to increase line length

7 output lines exceeded 80 characters:
 First at line 7 by 97 characters
 Maximum at line 49 by 366 characters
 Last at line 66 by 279 characters
Suggest including 'use warnings;'
Suggest including 'use strict;'
